# JRE version: OpenJDK Runtime Environment (8.0_76-b03) (build 1.8.0_76-release-b03)
# Java VM: OpenJDK 64-Bit Server VM (25.76-b03 mixed mode windows-amd64 compressed oops)
Heap:
 PSYoungGen      total 555520K, used 423459K [0x00000000d5580000, 0x0000000100000000, 0x0000000100000000)
  eden space 477696K, 88% used [0x00000000d5580000,0x00000000ef308e28,0x00000000f2800000)
  from space 77824K, 0% used [0x00000000f2800000,0x00000000f2800000,0x00000000f7400000)
  to   space 117248K, 0% used [0x00000000f8d80000,0x00000000f8d80000,0x0000000100000000)
 ParOldGen       total 532480K, used 532281K [0x0000000080000000, 0x00000000a0800000, 0x00000000d5580000)
  object space 532480K, 99% used [0x0000000080000000,0x00000000a07ce748,0x00000000a0800000)
 Metaspace       used 61675K, capacity 63038K, committed 63360K, reserved 1103872K
  class space    used 7920K, capacity 8257K, committed 8320K, reserved 1048576K
GC Heap History (10 events):
Event: 71.289 GC heap before
{Heap before GC invocations=29 (full 4):
 PSYoungGen      total 578048K, used 559534K [0x00000000d5580000, 0x0000000100000000, 0x0000000100000000)
  eden space 477696K, 100% used [0x00000000d5580000,0x00000000f2800000,0x00000000f2800000)
  from space 100352K, 81% used [0x00000000f9e00000,0x00000000fedeb940,0x0000000100000000)
  to   space 110592K, 0% used [0x00000000f2800000,0x00000000f2800000,0x00000000f9400000)
 ParOldGen       total 488448K, used 311072K [0x0000000080000000, 0x000000009dd00000, 0x00000000d5580000)
  object space 488448K, 63% used [0x0000000080000000,0x0000000092fc83c8,0x000000009dd00000)
 Metaspace       used 61665K, capacity 63038K, committed 63360K, reserved 1103872K
  class space    used 7919K, capacity 8257K, committed 8320K, reserved 1048576K
Event: 71.519 GC heap after
Heap after GC invocations=29 (full 4):
 PSYoungGen      total 555520K, used 77467K [0x00000000d5580000, 0x0000000100000000, 0x0000000100000000)
  eden space 477696K, 0% used [0x00000000d5580000,0x00000000d5580000,0x00000000f2800000)
  from space 77824K, 99% used [0x00000000f2800000,0x00000000f73a6c78,0x00000000f7400000)
  to   space 117248K, 0% used [0x00000000f8d80000,0x00000000f8d80000,0x0000000100000000)
 ParOldGen       total 488448K, used 389810K [0x0000000080000000, 0x000000009dd00000, 0x00000000d5580000)
  object space 488448K, 79% used [0x0000000080000000,0x0000000097caca50,0x000000009dd00000)
 Metaspace       used 61665K, capacity 63038K, committed 63360K, reserved 1103872K
  class space    used 7919K, capacity 8257K, committed 8320K, reserved 1048576K
}
Event: 73.317 GC heap before
{Heap before GC invocations=30 (full 4):
 PSYoungGen      total 555520K, used 555163K [0x00000000d5580000, 0x0000000100000000, 0x0000000100000000)
  eden space 477696K, 100% used [0x00000000d5580000,0x00000000f2800000,0x00000000f2800000)
  from space 77824K, 99% used [0x00000000f2800000,0x00000000f73a6c78,0x00000000f7400000)
  to   space 117248K, 0% used [0x00000000f8d80000,0x00000000f8d80000,0x0000000100000000)
 ParOldGen       total 488448K, used 389810K [0x0000000080000000, 0x000000009dd00000, 0x00000000d5580000)
  object space 488448K, 79% used [0x0000000080000000,0x0000000097caca50,0x000000009dd00000)
 Metaspace       used 61666K, capacity 63038K, committed 63360K, reserved 1103872K
  class space    used 7919K, capacity 8257K, committed 8320K, reserved 1048576K
Event: 73.802 GC heap after
Heap after GC invocations=30 (full 4):
 PSYoungGen      total 555520K, used 555163K [0x00000000d5580000, 0x0000000100000000, 0x0000000100000000)
  eden space 477696K, 100% used [0x00000000d5580000,0x00000000f2800000,0x00000000f2800000)
  from space 77824K, 99% used [0x00000000f2800000,0x00000000f73a6c78,0x00000000f7400000)
  to   space 117248K, 99% used [0x00000000f8d80000,0x00000000ffffa868,0x0000000100000000)
 ParOldGen       total 532480K, used 532438K [0x0000000080000000, 0x00000000a0800000, 0x00000000d5580000)
  object space 532480K, 99% used [0x0000000080000000,0x00000000a07f5b90,0x00000000a0800000)
 Metaspace       used 61666K, capacity 63038K, committed 63360K, reserved 1103872K
  class space    used 7919K, capacity 8257K, committed 8320K, reserved 1048576K
}
Event: 73.802 GC heap before
{Heap before GC invocations=31 (full 5):
 PSYoungGen      total 555520K, used 555163K [0x00000000d5580000, 0x0000000100000000, 0x0000000100000000)
  eden space 477696K, 100% used [0x00000000d5580000,0x00000000f2800000,0x00000000f2800000)
  from space 77824K, 99% used [0x00000000f2800000,0x00000000f73a6c78,0x00000000f7400000)
  to   space 117248K, 99% used [0x00000000f8d80000,0x00000000ffffa868,0x0000000100000000)
 ParOldGen       total 532480K, used 532438K [0x0000000080000000, 0x00000000a0800000, 0x00000000d5580000)
  object space 532480K, 99% used [0x0000000080000000,0x00000000a07f5b90,0x00000000a0800000)
 Metaspace       used 61666K, capacity 63038K, committed 63360K, reserved 1103872K
  class space    used 7919K, capacity 8257K, committed 8320K, reserved 1048576K
Event: 79.148 GC heap after
Heap after GC invocations=31 (full 5):
 PSYoungGen      total 555520K, used 0K [0x00000000d5580000, 0x0000000100000000, 0x0000000100000000)
  eden space 477696K, 0% used [0x00000000d5580000,0x00000000d5580000,0x00000000f2800000)
  from space 77824K, 0% used [0x00000000f2800000,0x00000000f2800000,0x00000000f7400000)
  to   space 117248K, 92% used [0x00000000f8d80000,0x00000000ff7088f8,0x0000000100000000)
 ParOldGen       total 532480K, used 532135K [0x0000000080000000, 0x00000000a0800000, 0x00000000d5580000)
  object space 532480K, 99% used [0x0000000080000000,0x00000000a07a9ec0,0x00000000a0800000)
 Metaspace       used 61666K, capacity 63038K, committed 63360K, reserved 1103872K
  class space    used 7919K, capacity 8257K, committed 8320K, reserved 1048576K
}
Event: 81.072 GC heap before
{Heap before GC invocations=32 (full 6):
 PSYoungGen      total 555520K, used 477696K [0x00000000d5580000, 0x0000000100000000, 0x0000000100000000)
  eden space 477696K, 100% used [0x00000000d5580000,0x00000000f2800000,0x00000000f2800000)
  from space 77824K, 0% used [0x00000000f2800000,0x00000000f2800000,0x00000000f7400000)
  to   space 117248K, 92% used [0x00000000f8d80000,0x00000000ff7088f8,0x0000000100000000)
 ParOldGen       total 532480K, used 532135K [0x0000000080000000, 0x00000000a0800000, 0x00000000d5580000)
  object space 532480K, 99% used [0x0000000080000000,0x00000000a07a9ec0,0x00000000a0800000)
 Metaspace       used 61675K, capacity 63038K, committed 63360K, reserved 1103872K
  class space    used 7920K, capacity 8257K, committed 8320K, reserved 1048576K
Event: 83.727 GC heap after
Heap after GC invocations=32 (full 6):
 PSYoungGen      total 555520K, used 43954K [0x00000000d5580000, 0x0000000100000000, 0x0000000100000000)
  eden space 477696K, 9% used [0x00000000d5580000,0x00000000d806c910,0x00000000f2800000)
  from space 77824K, 0% used [0x00000000f2800000,0x00000000f2800000,0x00000000f7400000)
  to   space 117248K, 0% used [0x00000000f8d80000,0x00000000f8d80000,0x0000000100000000)
 ParOldGen       total 532480K, used 532309K [0x0000000080000000, 0x00000000a0800000, 0x00000000d5580000)
  object space 532480K, 99% used [0x0000000080000000,0x00000000a07d54b8,0x00000000a0800000)
 Metaspace       used 61675K, capacity 63038K, committed 63360K, reserved 1103872K
  class space    used 7920K, capacity 8257K, committed 8320K, reserved 1048576K
}
Event: 84.412 GC heap before
{Heap before GC invocations=33 (full 7):
 PSYoungGen      total 555520K, used 477696K [0x00000000d5580000, 0x0000000100000000, 0x0000000100000000)
  eden space 477696K, 100% used [0x00000000d5580000,0x00000000f2800000,0x00000000f2800000)
  from space 77824K, 0% used [0x00000000f2800000,0x00000000f2800000,0x00000000f7400000)
  to   space 117248K, 0% used [0x00000000f8d80000,0x00000000f8d80000,0x0000000100000000)
 ParOldGen       total 532480K, used 532309K [0x0000000080000000, 0x00000000a0800000, 0x00000000d5580000)
  object space 532480K, 99% used [0x0000000080000000,0x00000000a07d54b8,0x00000000a0800000)
 Metaspace       used 61675K, capacity 63038K, committed 63360K, reserved 1103872K
  class space    used 7920K, capacity 8257K, committed 8320K, reserved 1048576K
Event: 87.252 GC heap after
Heap after GC invocations=33 (full 7):
 PSYoungGen      total 555520K, used 78792K [0x00000000d5580000, 0x0000000100000000, 0x0000000100000000)
  eden space 477696K, 16% used [0x00000000d5580000,0x00000000da272098,0x00000000f2800000)
  from space 77824K, 0% used [0x00000000f2800000,0x00000000f2800000,0x00000000f7400000)
  to   space 117248K, 0% used [0x00000000f8d80000,0x00000000f8d80000,0x0000000100000000)
 ParOldGen       total 532480K, used 532281K [0x0000000080000000, 0x00000000a0800000, 0x00000000d5580000)
  object space 532480K, 99% used [0x0000000080000000,0x00000000a07ce748,0x00000000a0800000)
 Metaspace       used 61675K, capacity 63038K, committed 63360K, reserved 1103872K
  class space    used 7920K, capacity 8257K, committed 8320K, reserved 1048576K
}

