# JRE version: Java(TM) SE Runtime Environment (8.0_121-b13) (build 1.8.0_121-b13)
# Java VM: Java HotSpot(TM) 64-Bit Server VM (25.121-b13 mixed mode windows-amd64 compressed oops)
Heap:
 PSYoungGen      total 139264K, used 134096K [0x00000000d5580000, 0x00000000dff00000, 0x0000000100000000)
  eden space 126464K, 95% used [0x00000000d5580000,0x00000000dcbfbf20,0x00000000dd100000)
  from space 12800K, 99% used [0x00000000dd100000,0x00000000ddd78178,0x00000000ddd80000)
  to   space 11776K, 0% used [0x00000000ddd80000,0x00000000ddd80000,0x00000000de900000)
 ParOldGen       total 117760K, used 17329K [0x0000000080000000, 0x0000000087300000, 0x00000000d5580000)
  object space 117760K, 14% used [0x0000000080000000,0x00000000810ec5f0,0x0000000087300000)
 Metaspace       used 45585K, capacity 46754K, committed 46936K, reserved 1089536K
  class space    used 6203K, capacity 6497K, committed 6528K, reserved 1048576K
GC Heap History (10 events):
Event: 5.485 GC heap before
{Heap before GC invocations=5 (full 1):
 PSYoungGen      total 57344K, used 49152K [0x00000000d5580000, 0x00000000dc580000, 0x0000000100000000)
  eden space 49152K, 100% used [0x00000000d5580000,0x00000000d8580000,0x00000000d8580000)
  from space 8192K, 0% used [0x00000000d8580000,0x00000000d8580000,0x00000000d8d80000)
  to   space 8192K, 0% used [0x00000000dbd80000,0x00000000dbd80000,0x00000000dc580000)
 ParOldGen       total 76288K, used 9707K [0x0000000080000000, 0x0000000084a80000, 0x00000000d5580000)
  object space 76288K, 12% used [0x0000000080000000,0x000000008097afd0,0x0000000084a80000)
 Metaspace       used 24812K, capacity 25286K, committed 25344K, reserved 1071104K
  class space    used 3433K, capacity 3584K, committed 3584K, reserved 1048576K
Event: 5.492 GC heap after
Heap after GC invocations=5 (full 1):
 PSYoungGen      total 86016K, used 5563K [0x00000000d5580000, 0x00000000dc300000, 0x0000000100000000)
  eden space 80384K, 0% used [0x00000000d5580000,0x00000000d5580000,0x00000000da400000)
  from space 5632K, 98% used [0x00000000dbd80000,0x00000000dc2eefa0,0x00000000dc300000)
  to   space 8192K, 0% used [0x00000000db300000,0x00000000db300000,0x00000000dbb00000)
 ParOldGen       total 76288K, used 9715K [0x0000000080000000, 0x0000000084a80000, 0x00000000d5580000)
  object space 76288K, 12% used [0x0000000080000000,0x000000008097cfd0,0x0000000084a80000)
 Metaspace       used 24812K, capacity 25286K, committed 25344K, reserved 1071104K
  class space    used 3433K, capacity 3584K, committed 3584K, reserved 1048576K
}
Event: 7.072 GC heap before
{Heap before GC invocations=6 (full 1):
 PSYoungGen      total 86016K, used 85947K [0x00000000d5580000, 0x00000000dc300000, 0x0000000100000000)
  eden space 80384K, 100% used [0x00000000d5580000,0x00000000da400000,0x00000000da400000)
  from space 5632K, 98% used [0x00000000dbd80000,0x00000000dc2eefa0,0x00000000dc300000)
  to   space 8192K, 0% used [0x00000000db300000,0x00000000db300000,0x00000000dbb00000)
 ParOldGen       total 76288K, used 9715K [0x0000000080000000, 0x0000000084a80000, 0x00000000d5580000)
  object space 76288K, 12% used [0x0000000080000000,0x000000008097cfd0,0x0000000084a80000)
 Metaspace       used 30251K, capacity 30934K, committed 31104K, reserved 1075200K
  class space    used 4206K, capacity 4375K, committed 4480K, reserved 1048576K
Event: 7.084 GC heap after
Heap after GC invocations=6 (full 1):
 PSYoungGen      total 103936K, used 8187K [0x00000000d5580000, 0x00000000de900000, 0x0000000100000000)
  eden space 95744K, 0% used [0x00000000d5580000,0x00000000d5580000,0x00000000db300000)
  from space 8192K, 99% used [0x00000000db300000,0x00000000dbafee58,0x00000000dbb00000)
  to   space 11776K, 0% used [0x00000000ddd80000,0x00000000ddd80000,0x00000000de900000)
 ParOldGen       total 76288K, used 10751K [0x0000000080000000, 0x0000000084a80000, 0x00000000d5580000)
  object space 76288K, 14% used [0x0000000080000000,0x0000000080a7fde8,0x0000000084a80000)
 Metaspace       used 30251K, capacity 30934K, committed 31104K, reserved 1075200K
  class space    used 4206K, capacity 4375K, committed 4480K, reserved 1048576K
}
Event: 8.419 GC heap before
{Heap before GC invocations=7 (full 1):
 PSYoungGen      total 103936K, used 55291K [0x00000000d5580000, 0x00000000de900000, 0x0000000100000000)
  eden space 95744K, 49% used [0x00000000d5580000,0x00000000d837ff18,0x00000000db300000)
  from space 8192K, 99% used [0x00000000db300000,0x00000000dbafee58,0x00000000dbb00000)
  to   space 11776K, 0% used [0x00000000ddd80000,0x00000000ddd80000,0x00000000de900000)
 ParOldGen       total 76288K, used 10751K [0x0000000080000000, 0x0000000084a80000, 0x00000000d5580000)
  object space 76288K, 14% used [0x0000000080000000,0x0000000080a7fde8,0x0000000084a80000)
 Metaspace       used 34597K, capacity 35372K, committed 35416K, reserved 1079296K
  class space    used 4753K, capacity 4959K, committed 4992K, reserved 1048576K
Event: 8.430 GC heap after
Heap after GC invocations=7 (full 1):
 PSYoungGen      total 138240K, used 10981K [0x00000000d5580000, 0x00000000dff00000, 0x0000000100000000)
  eden space 126464K, 0% used [0x00000000d5580000,0x00000000d5580000,0x00000000dd100000)
  from space 11776K, 93% used [0x00000000ddd80000,0x00000000de839760,0x00000000de900000)
  to   space 12800K, 0% used [0x00000000dd100000,0x00000000dd100000,0x00000000ddd80000)
 ParOldGen       total 76288K, used 10759K [0x0000000080000000, 0x0000000084a80000, 0x00000000d5580000)
  object space 76288K, 14% used [0x0000000080000000,0x0000000080a81de8,0x0000000084a80000)
 Metaspace       used 34597K, capacity 35372K, committed 35416K, reserved 1079296K
  class space    used 4753K, capacity 4959K, committed 4992K, reserved 1048576K
}
Event: 8.430 GC heap before
{Heap before GC invocations=8 (full 2):
 PSYoungGen      total 138240K, used 10981K [0x00000000d5580000, 0x00000000dff00000, 0x0000000100000000)
  eden space 126464K, 0% used [0x00000000d5580000,0x00000000d5580000,0x00000000dd100000)
  from space 11776K, 93% used [0x00000000ddd80000,0x00000000de839760,0x00000000de900000)
  to   space 12800K, 0% used [0x00000000dd100000,0x00000000dd100000,0x00000000ddd80000)
 ParOldGen       total 76288K, used 10759K [0x0000000080000000, 0x0000000084a80000, 0x00000000d5580000)
  object space 76288K, 14% used [0x0000000080000000,0x0000000080a81de8,0x0000000084a80000)
 Metaspace       used 34597K, capacity 35372K, committed 35416K, reserved 1079296K
  class space    used 4753K, capacity 4959K, committed 4992K, reserved 1048576K
Event: 8.543 GC heap after
Heap after GC invocations=8 (full 2):
 PSYoungGen      total 138240K, used 0K [0x00000000d5580000, 0x00000000dff00000, 0x0000000100000000)
  eden space 126464K, 0% used [0x00000000d5580000,0x00000000d5580000,0x00000000dd100000)
  from space 11776K, 0% used [0x00000000ddd80000,0x00000000ddd80000,0x00000000de900000)
  to   space 12800K, 0% used [0x00000000dd100000,0x00000000dd100000,0x00000000ddd80000)
 ParOldGen       total 117760K, used 17321K [0x0000000080000000, 0x0000000087300000, 0x00000000d5580000)
  object space 117760K, 14% used [0x0000000080000000,0x00000000810ea5f0,0x0000000087300000)
 Metaspace       used 34597K, capacity 35372K, committed 35416K, reserved 1079296K
  class space    used 4753K, capacity 4959K, committed 4992K, reserved 1048576K
}
Event: 10.891 GC heap before
{Heap before GC invocations=9 (full 2):
 PSYoungGen      total 138240K, used 126464K [0x00000000d5580000, 0x00000000dff00000, 0x0000000100000000)
  eden space 126464K, 100% used [0x00000000d5580000,0x00000000dd100000,0x00000000dd100000)
  from space 11776K, 0% used [0x00000000ddd80000,0x00000000ddd80000,0x00000000de900000)
  to   space 12800K, 0% used [0x00000000dd100000,0x00000000dd100000,0x00000000ddd80000)
 ParOldGen       total 117760K, used 17321K [0x0000000080000000, 0x0000000087300000, 0x00000000d5580000)
  object space 117760K, 14% used [0x0000000080000000,0x00000000810ea5f0,0x0000000087300000)
 Metaspace       used 43534K, capacity 44630K, committed 44888K, reserved 1087488K
  class space    used 5987K, capacity 6263K, committed 6272K, reserved 1048576K
Event: 10.919 GC heap after
Heap after GC invocations=9 (full 2):
 PSYoungGen      total 139264K, used 12768K [0x00000000d5580000, 0x00000000dff00000, 0x0000000100000000)
  eden space 126464K, 0% used [0x00000000d5580000,0x00000000d5580000,0x00000000dd100000)
  from space 12800K, 99% used [0x00000000dd100000,0x00000000ddd78178,0x00000000ddd80000)
  to   space 11776K, 0% used [0x00000000ddd80000,0x00000000ddd80000,0x00000000de900000)
 ParOldGen       total 117760K, used 17329K [0x0000000080000000, 0x0000000087300000, 0x00000000d5580000)
  object space 117760K, 14% used [0x0000000080000000,0x00000000810ec5f0,0x0000000087300000)
 Metaspace       used 43534K, capacity 44630K, committed 44888K, reserved 1087488K
  class space    used 5987K, capacity 6263K, committed 6272K, reserved 1048576K
}

