# JRE version: OpenJDK Runtime Environment (8.0_76-b03) (build 1.8.0_76-release-b03)
# Java VM: OpenJDK 64-Bit Server VM (25.76-b03 mixed mode windows-amd64 compressed oops)
Heap:
 PSYoungGen      total 225792K, used 107438K [0x00000000eab00000, 0x0000000100000000, 0x0000000100000000)
  eden space 113152K, 94% used [0x00000000eab00000,0x00000000f13eb8c8,0x00000000f1980000)
  from space 112640K, 0% used [0x00000000f8b00000,0x00000000f8b00000,0x00000000ff900000)
  to   space 116224K, 0% used [0x00000000f1980000,0x00000000f1980000,0x00000000f8b00000)
 ParOldGen       total 699392K, used 582307K [0x00000000c0000000, 0x00000000eab00000, 0x00000000eab00000)
  object space 699392K, 83% used [0x00000000c0000000,0x00000000e38a8f40,0x00000000eab00000)
 Metaspace       used 6635K, capacity 7284K, committed 7552K, reserved 1056768K
  class space    used 604K, capacity 620K, committed 640K, reserved 1048576K
GC Heap History (10 events):
Event: 71.017 GC heap before
{Heap before GC invocations=40 (full 14):
 PSYoungGen      total 232960K, used 17385K [0x00000000eab00000, 0x0000000100000000, 0x0000000100000000)
  eden space 116736K, 0% used [0x00000000eab00000,0x00000000eab00000,0x00000000f1d00000)
  from space 116224K, 14% used [0x00000000f8e80000,0x00000000f9f7a4f8,0x0000000100000000)
  to   space 116224K, 0% used [0x00000000f1d00000,0x00000000f1d00000,0x00000000f8e80000)
 ParOldGen       total 699392K, used 682490K [0x00000000c0000000, 0x00000000eab00000, 0x00000000eab00000)
  object space 699392K, 97% used [0x00000000c0000000,0x00000000e9a7e9e8,0x00000000eab00000)
 Metaspace       used 6635K, capacity 7284K, committed 7552K, reserved 1056768K
  class space    used 604K, capacity 620K, committed 640K, reserved 1048576K
Event: 73.182 GC heap after
Heap after GC invocations=40 (full 14):
 PSYoungGen      total 232960K, used 0K [0x00000000eab00000, 0x0000000100000000, 0x0000000100000000)
  eden space 116736K, 0% used [0x00000000eab00000,0x00000000eab00000,0x00000000f1d00000)
  from space 116224K, 0% used [0x00000000f8e80000,0x00000000f8e80000,0x0000000100000000)
  to   space 116224K, 0% used [0x00000000f1d00000,0x00000000f1d00000,0x00000000f8e80000)
 ParOldGen       total 699392K, used 597799K [0x00000000c0000000, 0x00000000eab00000, 0x00000000eab00000)
  object space 699392K, 85% used [0x00000000c0000000,0x00000000e47c9db0,0x00000000eab00000)
 Metaspace       used 6635K, capacity 7284K, committed 7552K, reserved 1056768K
  class space    used 604K, capacity 620K, committed 640K, reserved 1048576K
}
Event: 73.816 GC heap before
{Heap before GC invocations=41 (full 14):
 PSYoungGen      total 232960K, used 116736K [0x00000000eab00000, 0x0000000100000000, 0x0000000100000000)
  eden space 116736K, 100% used [0x00000000eab00000,0x00000000f1d00000,0x00000000f1d00000)
  from space 116224K, 0% used [0x00000000f8e80000,0x00000000f8e80000,0x0000000100000000)
  to   space 116224K, 0% used [0x00000000f1d00000,0x00000000f1d00000,0x00000000f8e80000)
 ParOldGen       total 699392K, used 597799K [0x00000000c0000000, 0x00000000eab00000, 0x00000000eab00000)
  object space 699392K, 85% used [0x00000000c0000000,0x00000000e47c9db0,0x00000000eab00000)
 Metaspace       used 6635K, capacity 7284K, committed 7552K, reserved 1056768K
  class space    used 604K, capacity 620K, committed 640K, reserved 1048576K
Event: 73.930 GC heap after
Heap after GC invocations=41 (full 14):
 PSYoungGen      total 172032K, used 55043K [0x00000000eab00000, 0x00000000ff900000, 0x0000000100000000)
  eden space 116736K, 0% used [0x00000000eab00000,0x00000000eab00000,0x00000000f1d00000)
  from space 55296K, 99% used [0x00000000f1d00000,0x00000000f52c0ee8,0x00000000f5300000)
  to   space 112640K, 0% used [0x00000000f8b00000,0x00000000f8b00000,0x00000000ff900000)
 ParOldGen       total 699392K, used 597799K [0x00000000c0000000, 0x00000000eab00000, 0x00000000eab00000)
  object space 699392K, 85% used [0x00000000c0000000,0x00000000e47c9db0,0x00000000eab00000)
 Metaspace       used 6635K, capacity 7284K, committed 7552K, reserved 1056768K
  class space    used 604K, capacity 620K, committed 640K, reserved 1048576K
}
Event: 74.008 GC heap before
{Heap before GC invocations=42 (full 14):
 PSYoungGen      total 172032K, used 171779K [0x00000000eab00000, 0x00000000ff900000, 0x0000000100000000)
  eden space 116736K, 100% used [0x00000000eab00000,0x00000000f1d00000,0x00000000f1d00000)
  from space 55296K, 99% used [0x00000000f1d00000,0x00000000f52c0ee8,0x00000000f5300000)
  to   space 112640K, 0% used [0x00000000f8b00000,0x00000000f8b00000,0x00000000ff900000)
 ParOldGen       total 699392K, used 597799K [0x00000000c0000000, 0x00000000eab00000, 0x00000000eab00000)
  object space 699392K, 85% used [0x00000000c0000000,0x00000000e47c9db0,0x00000000eab00000)
 Metaspace       used 6635K, capacity 7284K, committed 7552K, reserved 1056768K
  class space    used 604K, capacity 620K, committed 640K, reserved 1048576K
Event: 74.162 GC heap after
Heap after GC invocations=42 (full 14):
 PSYoungGen      total 225792K, used 112614K [0x00000000eab00000, 0x0000000100000000, 0x0000000100000000)
  eden space 113152K, 0% used [0x00000000eab00000,0x00000000eab00000,0x00000000f1980000)
  from space 112640K, 99% used [0x00000000f8b00000,0x00000000ff8f9a78,0x00000000ff900000)
  to   space 116224K, 0% used [0x00000000f1980000,0x00000000f1980000,0x00000000f8b00000)
 ParOldGen       total 699392K, used 604983K [0x00000000c0000000, 0x00000000eab00000, 0x00000000eab00000)
  object space 699392K, 86% used [0x00000000c0000000,0x00000000e4ecddb0,0x00000000eab00000)
 Metaspace       used 6635K, capacity 7284K, committed 7552K, reserved 1056768K
  class space    used 604K, capacity 620K, committed 640K, reserved 1048576K
}
Event: 74.459 GC heap before
{Heap before GC invocations=43 (full 14):
 PSYoungGen      total 225792K, used 225766K [0x00000000eab00000, 0x0000000100000000, 0x0000000100000000)
  eden space 113152K, 100% used [0x00000000eab00000,0x00000000f1980000,0x00000000f1980000)
  from space 112640K, 99% used [0x00000000f8b00000,0x00000000ff8f9a78,0x00000000ff900000)
  to   space 116224K, 0% used [0x00000000f1980000,0x00000000f1980000,0x00000000f8b00000)
 ParOldGen       total 699392K, used 604983K [0x00000000c0000000, 0x00000000eab00000, 0x00000000eab00000)
  object space 699392K, 86% used [0x00000000c0000000,0x00000000e4ecddb0,0x00000000eab00000)
 Metaspace       used 6635K, capacity 7284K, committed 7552K, reserved 1056768K
  class space    used 604K, capacity 620K, committed 640K, reserved 1048576K
Event: 74.658 GC heap after
Heap after GC invocations=43 (full 14):
 PSYoungGen      total 225792K, used 225766K [0x00000000eab00000, 0x0000000100000000, 0x0000000100000000)
  eden space 113152K, 100% used [0x00000000eab00000,0x00000000f1980000,0x00000000f1980000)
  from space 112640K, 99% used [0x00000000f8b00000,0x00000000ff8f9a78,0x00000000ff900000)
  to   space 116224K, 29% used [0x00000000f1980000,0x00000000f3b54380,0x00000000f8b00000)
 ParOldGen       total 699392K, used 699387K [0x00000000c0000000, 0x00000000eab00000, 0x00000000eab00000)
  object space 699392K, 99% used [0x00000000c0000000,0x00000000eaafec28,0x00000000eab00000)
 Metaspace       used 6635K, capacity 7284K, committed 7552K, reserved 1056768K
  class space    used 604K, capacity 620K, committed 640K, reserved 1048576K
}
Event: 74.658 GC heap before
{Heap before GC invocations=44 (full 15):
 PSYoungGen      total 225792K, used 225766K [0x00000000eab00000, 0x0000000100000000, 0x0000000100000000)
  eden space 113152K, 100% used [0x00000000eab00000,0x00000000f1980000,0x00000000f1980000)
  from space 112640K, 99% used [0x00000000f8b00000,0x00000000ff8f9a78,0x00000000ff900000)
  to   space 116224K, 29% used [0x00000000f1980000,0x00000000f3b54380,0x00000000f8b00000)
 ParOldGen       total 699392K, used 699387K [0x00000000c0000000, 0x00000000eab00000, 0x00000000eab00000)
  object space 699392K, 99% used [0x00000000c0000000,0x00000000eaafec28,0x00000000eab00000)
 Metaspace       used 6635K, capacity 7284K, committed 7552K, reserved 1056768K
  class space    used 604K, capacity 620K, committed 640K, reserved 1048576K
Event: 77.391 GC heap after
Heap after GC invocations=44 (full 15):
 PSYoungGen      total 225792K, used 0K [0x00000000eab00000, 0x0000000100000000, 0x0000000100000000)
  eden space 113152K, 0% used [0x00000000eab00000,0x00000000eab00000,0x00000000f1980000)
  from space 112640K, 0% used [0x00000000f8b00000,0x00000000f8b00000,0x00000000ff900000)
  to   space 116224K, 0% used [0x00000000f1980000,0x00000000f1980000,0x00000000f8b00000)
 ParOldGen       total 699392K, used 582307K [0x00000000c0000000, 0x00000000eab00000, 0x00000000eab00000)
  object space 699392K, 83% used [0x00000000c0000000,0x00000000e38a8f40,0x00000000eab00000)
 Metaspace       used 6635K, capacity 7284K, committed 7552K, reserved 1056768K
  class space    used 604K, capacity 620K, committed 640K, reserved 1048576K
}

