# JRE version: OpenJDK Runtime Environment (8.0_76-b03) (build 1.8.0_76-release-b03)
# Java VM: OpenJDK 64-Bit Server VM (25.76-b03 mixed mode windows-amd64 compressed oops)
Heap:
 PSYoungGen      total 232960K, used 153953K [0x00000000eab00000, 0x0000000100000000, 0x0000000100000000)
  eden space 116736K, 100% used [0x00000000eab00000,0x00000000f1d00000,0x00000000f1d00000)
  from space 116224K, 32% used [0x00000000f1d00000,0x00000000f4158770,0x00000000f8e80000)
  to   space 116224K, 5% used [0x00000000f8e80000,0x00000000f9488010,0x0000000100000000)
 ParOldGen       total 431104K, used 256577K [0x00000000c0000000, 0x00000000da500000, 0x00000000eab00000)
  object space 431104K, 59% used [0x00000000c0000000,0x00000000cfa90668,0x00000000da500000)
 Metaspace       used 6614K, capacity 7284K, committed 7552K, reserved 1056768K
  class space    used 602K, capacity 620K, committed 640K, reserved 1048576K
GC Heap History (10 events):
Event: 17.522 GC heap after
Heap after GC invocations=13 (full 1):
 PSYoungGen      total 215040K, used 98279K [0x00000000eab00000, 0x0000000100000000, 0x0000000100000000)
  eden space 116736K, 0% used [0x00000000eab00000,0x00000000eab00000,0x00000000f1d00000)
  from space 98304K, 99% used [0x00000000fa000000,0x00000000ffff9f28,0x0000000100000000)
  to   space 116224K, 0% used [0x00000000f1d00000,0x00000000f1d00000,0x00000000f8e80000)
 ParOldGen       total 256000K, used 145023K [0x00000000c0000000, 0x00000000cfa00000, 0x00000000eab00000)
  object space 256000K, 56% used [0x00000000c0000000,0x00000000c8d9fe98,0x00000000cfa00000)
 Metaspace       used 6608K, capacity 7284K, committed 7552K, reserved 1056768K
  class space    used 602K, capacity 620K, committed 640K, reserved 1048576K
}
Event: 18.239 GC heap before
{Heap before GC invocations=14 (full 1):
 PSYoungGen      total 215040K, used 215015K [0x00000000eab00000, 0x0000000100000000, 0x0000000100000000)
  eden space 116736K, 100% used [0x00000000eab00000,0x00000000f1d00000,0x00000000f1d00000)
  from space 98304K, 99% used [0x00000000fa000000,0x00000000ffff9f28,0x0000000100000000)
  to   space 116224K, 0% used [0x00000000f1d00000,0x00000000f1d00000,0x00000000f8e80000)
 ParOldGen       total 256000K, used 145023K [0x00000000c0000000, 0x00000000cfa00000, 0x00000000eab00000)
  object space 256000K, 56% used [0x00000000c0000000,0x00000000c8d9fe98,0x00000000cfa00000)
 Metaspace       used 6610K, capacity 7284K, committed 7552K, reserved 1056768K
  class space    used 602K, capacity 620K, committed 640K, reserved 1048576K
Event: 18.539 GC heap after
Heap after GC invocations=14 (full 1):
 PSYoungGen      total 232960K, used 101673K [0x00000000eab00000, 0x0000000100000000, 0x0000000100000000)
  eden space 116736K, 0% used [0x00000000eab00000,0x00000000eab00000,0x00000000f1d00000)
  from space 116224K, 87% used [0x00000000f1d00000,0x00000000f804a518,0x00000000f8e80000)
  to   space 116224K, 0% used [0x00000000f8e80000,0x00000000f8e80000,0x0000000100000000)
 ParOldGen       total 256000K, used 160012K [0x00000000c0000000, 0x00000000cfa00000, 0x00000000eab00000)
  object space 256000K, 62% used [0x00000000c0000000,0x00000000c9c431a8,0x00000000cfa00000)
 Metaspace       used 6610K, capacity 7284K, committed 7552K, reserved 1056768K
  class space    used 602K, capacity 620K, committed 640K, reserved 1048576K
}
Event: 19.261 GC heap before
{Heap before GC invocations=15 (full 1):
 PSYoungGen      total 232960K, used 218409K [0x00000000eab00000, 0x0000000100000000, 0x0000000100000000)
  eden space 116736K, 100% used [0x00000000eab00000,0x00000000f1d00000,0x00000000f1d00000)
  from space 116224K, 87% used [0x00000000f1d00000,0x00000000f804a518,0x00000000f8e80000)
  to   space 116224K, 0% used [0x00000000f8e80000,0x00000000f8e80000,0x0000000100000000)
 ParOldGen       total 256000K, used 160012K [0x00000000c0000000, 0x00000000cfa00000, 0x00000000eab00000)
  object space 256000K, 62% used [0x00000000c0000000,0x00000000c9c431a8,0x00000000cfa00000)
 Metaspace       used 6610K, capacity 7284K, committed 7552K, reserved 1056768K
  class space    used 602K, capacity 620K, committed 640K, reserved 1048576K
Event: 19.546 GC heap after
Heap after GC invocations=15 (full 1):
 PSYoungGen      total 232960K, used 84111K [0x00000000eab00000, 0x0000000100000000, 0x0000000100000000)
  eden space 116736K, 0% used [0x00000000eab00000,0x00000000eab00000,0x00000000f1d00000)
  from space 116224K, 72% used [0x00000000f8e80000,0x00000000fe0a3e60,0x0000000100000000)
  to   space 116224K, 0% used [0x00000000f1d00000,0x00000000f1d00000,0x00000000f8e80000)
 ParOldGen       total 256000K, used 194545K [0x00000000c0000000, 0x00000000cfa00000, 0x00000000eab00000)
  object space 256000K, 75% used [0x00000000c0000000,0x00000000cbdfc768,0x00000000cfa00000)
 Metaspace       used 6610K, capacity 7284K, committed 7552K, reserved 1056768K
  class space    used 602K, capacity 620K, committed 640K, reserved 1048576K
}
Event: 20.278 GC heap before
{Heap before GC invocations=16 (full 1):
 PSYoungGen      total 232960K, used 200847K [0x00000000eab00000, 0x0000000100000000, 0x0000000100000000)
  eden space 116736K, 100% used [0x00000000eab00000,0x00000000f1d00000,0x00000000f1d00000)
  from space 116224K, 72% used [0x00000000f8e80000,0x00000000fe0a3e60,0x0000000100000000)
  to   space 116224K, 0% used [0x00000000f1d00000,0x00000000f1d00000,0x00000000f8e80000)
 ParOldGen       total 256000K, used 194545K [0x00000000c0000000, 0x00000000cfa00000, 0x00000000eab00000)
  object space 256000K, 75% used [0x00000000c0000000,0x00000000cbdfc768,0x00000000cfa00000)
 Metaspace       used 6611K, capacity 7284K, committed 7552K, reserved 1056768K
  class space    used 602K, capacity 620K, committed 640K, reserved 1048576K
Event: 20.584 GC heap after
Heap after GC invocations=16 (full 1):
 PSYoungGen      total 232960K, used 53769K [0x00000000eab00000, 0x0000000100000000, 0x0000000100000000)
  eden space 116736K, 0% used [0x00000000eab00000,0x00000000eab00000,0x00000000f1d00000)
  from space 116224K, 46% used [0x00000000f1d00000,0x00000000f5182658,0x00000000f8e80000)
  to   space 116224K, 0% used [0x00000000f8e80000,0x00000000f8e80000,0x0000000100000000)
 ParOldGen       total 256000K, used 243789K [0x00000000c0000000, 0x00000000cfa00000, 0x00000000eab00000)
  object space 256000K, 95% used [0x00000000c0000000,0x00000000cee134b0,0x00000000cfa00000)
 Metaspace       used 6611K, capacity 7284K, committed 7552K, reserved 1056768K
  class space    used 602K, capacity 620K, committed 640K, reserved 1048576K
}
Event: 20.584 GC heap before
{Heap before GC invocations=17 (full 2):
 PSYoungGen      total 232960K, used 53769K [0x00000000eab00000, 0x0000000100000000, 0x0000000100000000)
  eden space 116736K, 0% used [0x00000000eab00000,0x00000000eab00000,0x00000000f1d00000)
  from space 116224K, 46% used [0x00000000f1d00000,0x00000000f5182658,0x00000000f8e80000)
  to   space 116224K, 0% used [0x00000000f8e80000,0x00000000f8e80000,0x0000000100000000)
 ParOldGen       total 256000K, used 243789K [0x00000000c0000000, 0x00000000cfa00000, 0x00000000eab00000)
  object space 256000K, 95% used [0x00000000c0000000,0x00000000cee134b0,0x00000000cfa00000)
 Metaspace       used 6611K, capacity 7284K, committed 7552K, reserved 1056768K
  class space    used 602K, capacity 620K, committed 640K, reserved 1048576K
Event: 23.175 GC heap after
Heap after GC invocations=17 (full 2):
 PSYoungGen      total 232960K, used 37217K [0x00000000eab00000, 0x0000000100000000, 0x0000000100000000)
  eden space 116736K, 0% used [0x00000000eab00000,0x00000000eab00000,0x00000000f1d00000)
  from space 116224K, 32% used [0x00000000f1d00000,0x00000000f4158770,0x00000000f8e80000)
  to   space 116224K, 0% used [0x00000000f8e80000,0x00000000f8e80000,0x0000000100000000)
 ParOldGen       total 431104K, used 255625K [0x00000000c0000000, 0x00000000da500000, 0x00000000eab00000)
  object space 431104K, 59% used [0x00000000c0000000,0x00000000cf9a2668,0x00000000da500000)
 Metaspace       used 6611K, capacity 7284K, committed 7552K, reserved 1056768K
  class space    used 602K, capacity 620K, committed 640K, reserved 1048576K
}
Event: 24.115 GC heap before
{Heap before GC invocations=18 (full 2):
 PSYoungGen      total 232960K, used 153953K [0x00000000eab00000, 0x0000000100000000, 0x0000000100000000)
  eden space 116736K, 100% used [0x00000000eab00000,0x00000000f1d00000,0x00000000f1d00000)
  from space 116224K, 32% used [0x00000000f1d00000,0x00000000f4158770,0x00000000f8e80000)
  to   space 116224K, 0% used [0x00000000f8e80000,0x00000000f8e80000,0x0000000100000000)
 ParOldGen       total 431104K, used 255625K [0x00000000c0000000, 0x00000000da500000, 0x00000000eab00000)
  object space 431104K, 59% used [0x00000000c0000000,0x00000000cf9a2668,0x00000000da500000)
 Metaspace       used 6614K, capacity 7284K, committed 7552K, reserved 1056768K
  class space    used 602K, capacity 620K, committed 640K, reserved 1048576K

