# JRE version: OpenJDK Runtime Environment (8.0_76-b03) (build 1.8.0_76-release-b03)
# Java VM: OpenJDK 64-Bit Server VM (25.76-b03 mixed mode windows-amd64 compressed oops)
Heap:
 PSYoungGen      total 189440K, used 97759K [0x00000000eab00000, 0x00000000ff800000, 0x0000000100000000)
  eden space 126976K, 27% used [0x00000000eab00000,0x00000000ecdab280,0x00000000f2700000)
  from space 62464K, 99% used [0x00000000f2700000,0x00000000f63ccd18,0x00000000f6400000)
  to   space 107008K, 0% used [0x00000000f8f80000,0x00000000f8f80000,0x00000000ff800000)
 ParOldGen       total 455168K, used 185290K [0x00000000c0000000, 0x00000000dbc80000, 0x00000000eab00000)
  object space 455168K, 40% used [0x00000000c0000000,0x00000000cb4f2830,0x00000000dbc80000)
 Metaspace       used 6425K, capacity 7156K, committed 7296K, reserved 1056768K
  class space    used 598K, capacity 620K, committed 640K, reserved 1048576K
GC Heap History (10 events):
Event: 8.059 GC heap before
{Heap before GC invocations=5 (full 1):
 PSYoungGen      total 204800K, used 8189K [0x00000000eab00000, 0x00000000f7b00000, 0x0000000100000000)
  eden space 196608K, 0% used [0x00000000eab00000,0x00000000eab00000,0x00000000f6b00000)
  from space 8192K, 99% used [0x00000000f7300000,0x00000000f7aff640,0x00000000f7b00000)
  to   space 8192K, 0% used [0x00000000f6b00000,0x00000000f6b00000,0x00000000f7300000)
 ParOldGen       total 131072K, used 104208K [0x00000000c0000000, 0x00000000c8000000, 0x00000000eab00000)
  object space 131072K, 79% used [0x00000000c0000000,0x00000000c65c43a0,0x00000000c8000000)
 Metaspace       used 6353K, capacity 7092K, committed 7296K, reserved 1056768K
  class space    used 597K, capacity 620K, committed 640K, reserved 1048576K
Event: 10.640 GC heap after
Heap after GC invocations=5 (full 1):
 PSYoungGen      total 204800K, used 0K [0x00000000eab00000, 0x00000000f7b00000, 0x0000000100000000)
  eden space 196608K, 0% used [0x00000000eab00000,0x00000000eab00000,0x00000000f6b00000)
  from space 8192K, 0% used [0x00000000f7300000,0x00000000f7300000,0x00000000f7b00000)
  to   space 8192K, 0% used [0x00000000f6b00000,0x00000000f6b00000,0x00000000f7300000)
 ParOldGen       total 263168K, used 99589K [0x00000000c0000000, 0x00000000d0100000, 0x00000000eab00000)
  object space 263168K, 37% used [0x00000000c0000000,0x00000000c6141448,0x00000000d0100000)
 Metaspace       used 6353K, capacity 7092K, committed 7296K, reserved 1056768K
  class space    used 597K, capacity 620K, committed 640K, reserved 1048576K
}
Event: 12.487 GC heap before
{Heap before GC invocations=6 (full 1):
 PSYoungGen      total 204800K, used 196608K [0x00000000eab00000, 0x00000000f7b00000, 0x0000000100000000)
  eden space 196608K, 100% used [0x00000000eab00000,0x00000000f6b00000,0x00000000f6b00000)
  from space 8192K, 0% used [0x00000000f7300000,0x00000000f7300000,0x00000000f7b00000)
  to   space 8192K, 0% used [0x00000000f6b00000,0x00000000f6b00000,0x00000000f7300000)
 ParOldGen       total 263168K, used 99589K [0x00000000c0000000, 0x00000000d0100000, 0x00000000eab00000)
  object space 263168K, 37% used [0x00000000c0000000,0x00000000c6141448,0x00000000d0100000)
 Metaspace       used 6364K, capacity 7156K, committed 7296K, reserved 1056768K
  class space    used 598K, capacity 620K, committed 640K, reserved 1048576K
Event: 12.958 GC heap after
Heap after GC invocations=6 (full 1):
 PSYoungGen      total 204800K, used 8192K [0x00000000eab00000, 0x0000000100000000, 0x0000000100000000)
  eden space 196608K, 0% used [0x00000000eab00000,0x00000000eab00000,0x00000000f6b00000)
  from space 8192K, 100% used [0x00000000f6b00000,0x00000000f7300000,0x00000000f7300000)
  to   space 114176K, 0% used [0x00000000f9080000,0x00000000f9080000,0x0000000100000000)
 ParOldGen       total 263168K, used 185481K [0x00000000c0000000, 0x00000000d0100000, 0x00000000eab00000)
  object space 263168K, 70% used [0x00000000c0000000,0x00000000cb522640,0x00000000d0100000)
 Metaspace       used 6364K, capacity 7156K, committed 7296K, reserved 1056768K
  class space    used 598K, capacity 620K, committed 640K, reserved 1048576K
}
Event: 12.958 GC heap before
{Heap before GC invocations=7 (full 2):
 PSYoungGen      total 204800K, used 8192K [0x00000000eab00000, 0x0000000100000000, 0x0000000100000000)
  eden space 196608K, 0% used [0x00000000eab00000,0x00000000eab00000,0x00000000f6b00000)
  from space 8192K, 100% used [0x00000000f6b00000,0x00000000f7300000,0x00000000f7300000)
  to   space 114176K, 0% used [0x00000000f9080000,0x00000000f9080000,0x0000000100000000)
 ParOldGen       total 263168K, used 185481K [0x00000000c0000000, 0x00000000d0100000, 0x00000000eab00000)
  object space 263168K, 70% used [0x00000000c0000000,0x00000000cb522640,0x00000000d0100000)
 Metaspace       used 6364K, capacity 7156K, committed 7296K, reserved 1056768K
  class space    used 598K, capacity 620K, committed 640K, reserved 1048576K
Event: 15.561 GC heap after
Heap after GC invocations=7 (full 2):
 PSYoungGen      total 204800K, used 0K [0x00000000eab00000, 0x0000000100000000, 0x0000000100000000)
  eden space 196608K, 0% used [0x00000000eab00000,0x00000000eab00000,0x00000000f6b00000)
  from space 8192K, 0% used [0x00000000f6b00000,0x00000000f6b00000,0x00000000f7300000)
  to   space 114176K, 0% used [0x00000000f9080000,0x00000000f9080000,0x0000000100000000)
 ParOldGen       total 455168K, used 185282K [0x00000000c0000000, 0x00000000dbc80000, 0x00000000eab00000)
  object space 455168K, 40% used [0x00000000c0000000,0x00000000cb4f0830,0x00000000dbc80000)
 Metaspace       used 6364K, capacity 7156K, committed 7296K, reserved 1056768K
  class space    used 598K, capacity 620K, committed 640K, reserved 1048576K
}
Event: 18.104 GC heap before
{Heap before GC invocations=8 (full 2):
 PSYoungGen      total 204800K, used 196608K [0x00000000eab00000, 0x0000000100000000, 0x0000000100000000)
  eden space 196608K, 100% used [0x00000000eab00000,0x00000000f6b00000,0x00000000f6b00000)
  from space 8192K, 0% used [0x00000000f6b00000,0x00000000f6b00000,0x00000000f7300000)
  to   space 114176K, 0% used [0x00000000f9080000,0x00000000f9080000,0x0000000100000000)
 ParOldGen       total 455168K, used 185282K [0x00000000c0000000, 0x00000000dbc80000, 0x00000000eab00000)
  object space 455168K, 40% used [0x00000000c0000000,0x00000000cb4f0830,0x00000000dbc80000)
 Metaspace       used 6365K, capacity 7156K, committed 7296K, reserved 1056768K
  class space    used 598K, capacity 620K, committed 640K, reserved 1048576K
Event: 18.517 GC heap after
Heap after GC invocations=8 (full 2):
 PSYoungGen      total 241152K, used 54359K [0x00000000eab00000, 0x0000000100000000, 0x0000000100000000)
  eden space 126976K, 0% used [0x00000000eab00000,0x00000000eab00000,0x00000000f2700000)
  from space 114176K, 47% used [0x00000000f9080000,0x00000000fc595db8,0x0000000100000000)
  to   space 108032K, 0% used [0x00000000f2700000,0x00000000f2700000,0x00000000f9080000)
 ParOldGen       total 455168K, used 185282K [0x00000000c0000000, 0x00000000dbc80000, 0x00000000eab00000)
  object space 455168K, 40% used [0x00000000c0000000,0x00000000cb4f0830,0x00000000dbc80000)
 Metaspace       used 6365K, capacity 7156K, committed 7296K, reserved 1056768K
  class space    used 598K, capacity 620K, committed 640K, reserved 1048576K
}
Event: 23.280 GC heap before
{Heap before GC invocations=9 (full 2):
 PSYoungGen      total 241152K, used 181335K [0x00000000eab00000, 0x0000000100000000, 0x0000000100000000)
  eden space 126976K, 100% used [0x00000000eab00000,0x00000000f2700000,0x00000000f2700000)
  from space 114176K, 47% used [0x00000000f9080000,0x00000000fc595db8,0x0000000100000000)
  to   space 108032K, 0% used [0x00000000f2700000,0x00000000f2700000,0x00000000f9080000)
 ParOldGen       total 455168K, used 185282K [0x00000000c0000000, 0x00000000dbc80000, 0x00000000eab00000)
  object space 455168K, 40% used [0x00000000c0000000,0x00000000cb4f0830,0x00000000dbc80000)
 Metaspace       used 6376K, capacity 7156K, committed 7296K, reserved 1056768K
  class space    used 598K, capacity 620K, committed 640K, reserved 1048576K
Event: 25.254 GC heap after
Heap after GC invocations=9 (full 2):
 PSYoungGen      total 189440K, used 62259K [0x00000000eab00000, 0x00000000ff800000, 0x0000000100000000)
  eden space 126976K, 0% used [0x00000000eab00000,0x00000000eab00000,0x00000000f2700000)
  from space 62464K, 99% used [0x00000000f2700000,0x00000000f63ccd18,0x00000000f6400000)
  to   space 107008K, 0% used [0x00000000f8f80000,0x00000000f8f80000,0x00000000ff800000)
 ParOldGen       total 455168K, used 185290K [0x00000000c0000000, 0x00000000dbc80000, 0x00000000eab00000)
  object space 455168K, 40% used [0x00000000c0000000,0x00000000cb4f2830,0x00000000dbc80000)
 Metaspace       used 6376K, capacity 7156K, committed 7296K, reserved 1056768K
  class space    used 598K, capacity 620K, committed 640K, reserved 1048576K
}

